<?xml version="1.0" encoding="UTF-8"?>
<!-- Generated by org.testng.reporters.JUnitReportReporter -->
<testsuite hostname="LAPTOP-B2M5VM4B" name="testcases.VerifyHomePage" tests="1" failures="0" timestamp="23 Dec 2016 18:23:37 GMT" time="1899.694" errors="0">
  <testcase name="testHomePage" time="1899.694" classname="testcases.VerifyHomePage"/>
</testsuite> <!-- testcases.VerifyHomePage -->
